Using pre-set license
Built from '2020.3/staging' branch; Version is '2020.3.23f1 (c5d91304a876) revision 12966163'; Using compiler version '192528614'; Build Type 'Release'
OS: 'Windows 10 Home Single Language; OS build 19043.1586; Version 2009; 64bit' Language: 'fr' Physical Memory: 16333 MB
BatchMode: 1, IsHumanControllingUs: 0, StartBugReporterOnCrash: 0, Is64bit: 1, IsPro: 0

COMMAND LINE ARGUMENTS:
E:\UnityHub\Unity\2020.3.23f1\Editor\Unity.exe
-adb2
-batchMode
-noUpm
-name
AssetImportWorker1
-projectPath
E:/unity projects/PFEMariem
-logFile
Logs/AssetImportWorker1.log
-srvPort
59097
Successfully changed project path to: E:/unity projects/PFEMariem
E:/unity projects/PFEMariem
Using Asset Import Pipeline V2.
Refreshing native plugins compatible for Editor in 46.12 ms, found 2 plugins.
Preloading 0 native plugins for Editor in 0.00 ms.
Initialize engine version: 2020.3.23f1 (c5d91304a876)
[Subsystems] Discovering subsystems at path E:/UnityHub/Unity/2020.3.23f1/Editor/Data/Resources/UnitySubsystems
[Subsystems] Discovering subsystems at path E:/unity projects/PFEMariem/Assets
GfxDevice: creating device client; threaded=0
Direct3D:
    Version:  Direct3D 11.0 [level 11.1]
    Renderer: NVIDIA GeForce GTX 1660 SUPER (ID=0x21c4)
    Vendor:   
    VRAM:     5991 MB
    Driver:   30.0.14.7196
Initialize mono
Mono path[0] = 'E:/UnityHub/Unity/2020.3.23f1/Editor/Data/Managed'
Mono path[1] = 'E:/UnityHub/Unity/2020.3.23f1/Editor/Data/MonoBleedingEdge/lib/mono/unityjit'
Mono config path = 'E:/UnityHub/Unity/2020.3.23f1/Editor/Data/MonoBleedingEdge/etc'
Using monoOptions --debugger-agent=transport=dt_socket,embedding=1,server=y,suspend=n,address=127.0.0.1:56232
Begin MonoManager ReloadAssembly
Registering precompiled unity dll's ...
Register platform support module: E:/UnityHub/Unity/2020.3.23f1/Editor/Data/PlaybackEngines/WindowsStandaloneSupport/UnityEditor.WindowsStandalone.Extensions.dll
Registered in 0.001153 seconds.
Native extension for WindowsStandalone target not found
Refreshing native plugins compatible for Editor in 46.42 ms, found 2 plugins.
Preloading 0 native plugins for Editor in 0.00 ms.
Mono: successfully reloaded assembly
- Completed reload, in  0.630 seconds
Domain Reload Profiling:
	ReloadAssembly (630ms)
		BeginReloadAssembly (57ms)
			ExecutionOrderSort (0ms)
			DisableScriptedObjects (0ms)
			BackupInstance (0ms)
			ReleaseScriptingObjects (0ms)
			CreateAndSetChildDomain (1ms)
		EndReloadAssembly (492ms)
			LoadAssemblies (56ms)
			RebuildTransferFunctionScriptingTraits (0ms)
			SetupTypeCache (170ms)
			ReleaseScriptCaches (0ms)
			RebuildScriptCaches (35ms)
			SetupLoadedEditorAssemblies (186ms)
				LogAssemblyErrors (0ms)
				InitializePlatformSupportModulesInManaged (4ms)
				SetLoadedEditorAssemblies (0ms)
				RefreshPlugins (47ms)
				BeforeProcessingInitializeOnLoad (17ms)
				ProcessInitializeOnLoadAttributes (88ms)
				ProcessInitializeOnLoadMethodAttributes (29ms)
				AfterProcessingInitializeOnLoad (0ms)
				EditorAssembliesLoaded (0ms)
			ExecutionOrderSort2 (0ms)
			AwakeInstancesAfterBackupRestoration (0ms)
Platform modules already initialized, skipping
Registering precompiled user dll's ...
Registered in 0.003071 seconds.
Begin MonoManager ReloadAssembly
Native extension for WindowsStandalone target not found
Refreshing native plugins compatible for Editor in 39.11 ms, found 2 plugins.
Preloading 0 native plugins for Editor in 0.00 ms.
Mono: successfully reloaded assembly
- Completed reload, in  1.020 seconds
Domain Reload Profiling:
	ReloadAssembly (1021ms)
		BeginReloadAssembly (131ms)
			ExecutionOrderSort (0ms)
			DisableScriptedObjects (4ms)
			BackupInstance (0ms)
			ReleaseScriptingObjects (0ms)
			CreateAndSetChildDomain (18ms)
		EndReloadAssembly (835ms)
			LoadAssemblies (80ms)
			RebuildTransferFunctionScriptingTraits (0ms)
			SetupTypeCache (276ms)
			ReleaseScriptCaches (1ms)
			RebuildScriptCaches (46ms)
			SetupLoadedEditorAssemblies (313ms)
				LogAssemblyErrors (0ms)
				InitializePlatformSupportModulesInManaged (3ms)
				SetLoadedEditorAssemblies (0ms)
				RefreshPlugins (39ms)
				BeforeProcessingInitializeOnLoad (82ms)
				ProcessInitializeOnLoadAttributes (178ms)
				ProcessInitializeOnLoadMethodAttributes (8ms)
				AfterProcessingInitializeOnLoad (2ms)
				EditorAssembliesLoaded (0ms)
			ExecutionOrderSort2 (0ms)
			AwakeInstancesAfterBackupRestoration (6ms)
Platform modules already initialized, skipping
========================================================================
Worker process is ready to serve import requests
Launched and connected shader compiler UnityShaderCompiler.exe after 0.16 seconds
Refreshing native plugins compatible for Editor in 0.79 ms, found 2 plugins.
Preloading 0 native plugins for Editor in 0.00 ms.
Unloading 2022 Unused Serialized files (Serialized files now loaded: 0)
System memory in use before: 86.6 MB.
System memory in use after: 86.6 MB.

Unloading 20 unused Assets to reduce memory usage. Loaded Objects now: 2456.
Total: 3.697500 ms (FindLiveObjects: 0.324500 ms CreateObjectMapping: 0.072200 ms MarkObjects: 3.213300 ms  DeleteObjects: 0.085800 ms)

AssetImportParameters requested are different than current active one (requested -> active):
  custom:framework-win-MediaFoundation: 216162199b28c13a410421893ffa2e32 -> 
  custom:video-decoder-ogg-theora: a1e56fd34408186e4bbccfd4996cb3dc -> 
  custom:container-muxer-webm: aa71ff27fc2769a1b78a27578f13a17b -> 
  custom:container-demuxer-webm: 4f35f7cbe854078d1ac9338744f61a02 -> 
  custom:container-demuxer-ogg: 62fdf1f143b41e24485cea50d1cbac27 -> 
  custom:video-encoder-webm-vp8: eb34c28f22e8b96e1ab97ce403110664 -> 
  custom:video-decoder-webm-vp8: 9c59270c3fd7afecdb556c50c9e8de78 -> 
  custom:audio-decoder-ogg-vorbis: bf7c407c2cedff20999df2af8eb42d56 -> 
  custom:audio-encoder-webm-vorbis: bf7c407c2cedff20999df2af8eb42d56 -> 
========================================================================
Received Import Request.
  path: Assets/Material/TextureUI/babasat-icone.png
  artifactKey: Guid(a126b8745bc8fd348b294ac0e4f8bf95) Importer(815301076,1909f56bfc062723c751e8b465ee728b)
Start importing Assets/Material/TextureUI/babasat-icone.png using Guid(a126b8745bc8fd348b294ac0e4f8bf95) Importer(815301076,1909f56bfc062723c751e8b465ee728b)  -> (artifact id: 'fc559319e7b2081ec22bf7c6b43c2c58') in 0.177133 seconds 
  Import took 0.194251 seconds .

========================================================================
Received Prepare
Refreshing native plugins compatible for Editor in 2.27 ms, found 2 plugins.
Preloading 0 native plugins for Editor in 0.00 ms.
Unloading 12 Unused Serialized files (Serialized files now loaded: 0)
System memory in use before: 45.2 MB.
System memory in use after: 45.3 MB.

Unloading 12 unused Assets to reduce memory usage. Loaded Objects now: 2458.
Total: 3.795600 ms (FindLiveObjects: 0.221300 ms CreateObjectMapping: 0.045200 ms MarkObjects: 3.505000 ms  DeleteObjects: 0.023000 ms)

AssetImportParameters requested are different than current active one (requested -> active):
  custom:framework-win-MediaFoundation: 216162199b28c13a410421893ffa2e32 -> 
  custom:video-decoder-ogg-theora: a1e56fd34408186e4bbccfd4996cb3dc -> 
  custom:container-muxer-webm: aa71ff27fc2769a1b78a27578f13a17b -> 
  custom:container-demuxer-webm: 4f35f7cbe854078d1ac9338744f61a02 -> 
  custom:container-demuxer-ogg: 62fdf1f143b41e24485cea50d1cbac27 -> 
  custom:video-encoder-webm-vp8: eb34c28f22e8b96e1ab97ce403110664 -> 
  custom:video-decoder-webm-vp8: 9c59270c3fd7afecdb556c50c9e8de78 -> 
  custom:audio-decoder-ogg-vorbis: bf7c407c2cedff20999df2af8eb42d56 -> 
  custom:audio-encoder-webm-vorbis: bf7c407c2cedff20999df2af8eb42d56 -> 
========================================================================
Received Import Request.
  Time since last request: 15.075700 seconds.
  path: Assets/ReferenceImageLibrary.asset
  artifactKey: Guid(96a1a421819944d41a92857d4b01cd2e) Importer(815301076,1909f56bfc062723c751e8b465ee728b)
Start importing Assets/ReferenceImageLibrary.asset using Guid(96a1a421819944d41a92857d4b01cd2e) Importer(815301076,1909f56bfc062723c751e8b465ee728b)  -> (artifact id: 'b5cf96a04a1dae9a424ce35bc706884c') in 0.023146 seconds 
  Import took 0.057098 seconds .

========================================================================
Received Prepare
Refreshing native plugins compatible for Editor in 2.29 ms, found 2 plugins.
Preloading 0 native plugins for Editor in 0.00 ms.
Unloading 12 Unused Serialized files (Serialized files now loaded: 0)
System memory in use before: 45.3 MB.
System memory in use after: 45.4 MB.

Unloading 12 unused Assets to reduce memory usage. Loaded Objects now: 2458.
Total: 3.854900 ms (FindLiveObjects: 0.258800 ms CreateObjectMapping: 0.047300 ms MarkObjects: 3.523500 ms  DeleteObjects: 0.023700 ms)

AssetImportParameters requested are different than current active one (requested -> active):
  custom:framework-win-MediaFoundation: 216162199b28c13a410421893ffa2e32 -> 
  custom:video-decoder-ogg-theora: a1e56fd34408186e4bbccfd4996cb3dc -> 
  custom:container-muxer-webm: aa71ff27fc2769a1b78a27578f13a17b -> 
  custom:container-demuxer-webm: 4f35f7cbe854078d1ac9338744f61a02 -> 
  custom:container-demuxer-ogg: 62fdf1f143b41e24485cea50d1cbac27 -> 
  custom:video-encoder-webm-vp8: eb34c28f22e8b96e1ab97ce403110664 -> 
  custom:video-decoder-webm-vp8: 9c59270c3fd7afecdb556c50c9e8de78 -> 
  custom:audio-decoder-ogg-vorbis: bf7c407c2cedff20999df2af8eb42d56 -> 
  custom:audio-encoder-webm-vorbis: bf7c407c2cedff20999df2af8eb42d56 -> 
========================================================================
Received Import Request.
  Time since last request: 108.388934 seconds.
  path: Assets/ReferenceImageLibrary.asset
  artifactKey: Guid(96a1a421819944d41a92857d4b01cd2e) Importer(815301076,1909f56bfc062723c751e8b465ee728b)
Start importing Assets/ReferenceImageLibrary.asset using Guid(96a1a421819944d41a92857d4b01cd2e) Importer(815301076,1909f56bfc062723c751e8b465ee728b)  -> (artifact id: 'b653e13636236b9fc9a190700b993add') in 0.010767 seconds 
  Import took 0.038152 seconds .

========================================================================
Received Prepare
Refreshing native plugins compatible for Editor in 2.32 ms, found 2 plugins.
Preloading 0 native plugins for Editor in 0.00 ms.
Unloading 12 Unused Serialized files (Serialized files now loaded: 0)
System memory in use before: 45.3 MB.
System memory in use after: 45.4 MB.

Unloading 12 unused Assets to reduce memory usage. Loaded Objects now: 2458.
Total: 3.703000 ms (FindLiveObjects: 0.248100 ms CreateObjectMapping: 0.045100 ms MarkObjects: 3.392300 ms  DeleteObjects: 0.016200 ms)

AssetImportParameters requested are different than current active one (requested -> active):
  custom:framework-win-MediaFoundation: 216162199b28c13a410421893ffa2e32 -> 
  custom:video-decoder-ogg-theora: a1e56fd34408186e4bbccfd4996cb3dc -> 
  custom:container-muxer-webm: aa71ff27fc2769a1b78a27578f13a17b -> 
  custom:container-demuxer-webm: 4f35f7cbe854078d1ac9338744f61a02 -> 
  custom:container-demuxer-ogg: 62fdf1f143b41e24485cea50d1cbac27 -> 
  custom:video-encoder-webm-vp8: eb34c28f22e8b96e1ab97ce403110664 -> 
  custom:video-decoder-webm-vp8: 9c59270c3fd7afecdb556c50c9e8de78 -> 
  custom:audio-decoder-ogg-vorbis: bf7c407c2cedff20999df2af8eb42d56 -> 
  custom:audio-encoder-webm-vorbis: bf7c407c2cedff20999df2af8eb42d56 -> 
========================================================================
Received Import Request.
  Time since last request: 303.185275 seconds.
  path: Assets/Material/TextureUI/babasat-icone 1.png
  artifactKey: Guid(295977bfa063c9e499372b9f11a6daf9) Importer(815301076,1909f56bfc062723c751e8b465ee728b)
Start importing Assets/Material/TextureUI/babasat-icone 1.png using Guid(295977bfa063c9e499372b9f11a6daf9) Importer(815301076,1909f56bfc062723c751e8b465ee728b)  -> (artifact id: '325a8eeacb3eb6256387936155b18f5b') in 0.024876 seconds 
  Import took 0.028853 seconds .

========================================================================
Received Prepare
Refreshing native plugins compatible for Editor in 2.19 ms, found 2 plugins.
Preloading 0 native plugins for Editor in 0.00 ms.
Unloading 12 Unused Serialized files (Serialized files now loaded: 0)
System memory in use before: 45.3 MB.
System memory in use after: 45.4 MB.

Unloading 12 unused Assets to reduce memory usage. Loaded Objects now: 2459.
Total: 3.713200 ms (FindLiveObjects: 0.228700 ms CreateObjectMapping: 0.047300 ms MarkObjects: 3.422200 ms  DeleteObjects: 0.014100 ms)

AssetImportParameters requested are different than current active one (requested -> active):
  custom:framework-win-MediaFoundation: 216162199b28c13a410421893ffa2e32 -> 
  custom:video-decoder-ogg-theora: a1e56fd34408186e4bbccfd4996cb3dc -> 
  custom:container-muxer-webm: aa71ff27fc2769a1b78a27578f13a17b -> 
  custom:container-demuxer-webm: 4f35f7cbe854078d1ac9338744f61a02 -> 
  custom:container-demuxer-ogg: 62fdf1f143b41e24485cea50d1cbac27 -> 
  custom:video-encoder-webm-vp8: eb34c28f22e8b96e1ab97ce403110664 -> 
  custom:video-decoder-webm-vp8: 9c59270c3fd7afecdb556c50c9e8de78 -> 
  custom:audio-decoder-ogg-vorbis: bf7c407c2cedff20999df2af8eb42d56 -> 
  custom:audio-encoder-webm-vorbis: bf7c407c2cedff20999df2af8eb42d56 -> 
========================================================================
Received Import Request.
  Time since last request: 34.435525 seconds.
  path: Assets/ReferenceImageLibrary.asset
  artifactKey: Guid(96a1a421819944d41a92857d4b01cd2e) Importer(815301076,1909f56bfc062723c751e8b465ee728b)
Start importing Assets/ReferenceImageLibrary.asset using Guid(96a1a421819944d41a92857d4b01cd2e) Importer(815301076,1909f56bfc062723c751e8b465ee728b)  -> (artifact id: '4c1ed639ed6b73bbdf16b5fff694edee') in 0.008824 seconds 
  Import took 0.073661 seconds .

========================================================================
Received Import Request.
  Time since last request: 257.737365 seconds.
  path: Assets/babasat-icone.png
  artifactKey: Guid(02f5ec5155b12714b83d46bcd8aed2f1) Importer(815301076,1909f56bfc062723c751e8b465ee728b)
Start importing Assets/babasat-icone.png using Guid(02f5ec5155b12714b83d46bcd8aed2f1) Importer(815301076,1909f56bfc062723c751e8b465ee728b)  -> (artifact id: 'e0ade61d6fe4da62632de7446ecd434c') in 0.011361 seconds 
  Import took 0.032808 seconds .

========================================================================
Received Prepare
Refreshing native plugins compatible for Editor in 2.55 ms, found 2 plugins.
Preloading 0 native plugins for Editor in 0.00 ms.
Unloading 12 Unused Serialized files (Serialized files now loaded: 0)
System memory in use before: 45.3 MB.
System memory in use after: 45.5 MB.

Unloading 12 unused Assets to reduce memory usage. Loaded Objects now: 2459.
Total: 4.524100 ms (FindLiveObjects: 0.343900 ms CreateObjectMapping: 0.048300 ms MarkObjects: 4.109100 ms  DeleteObjects: 0.021300 ms)

AssetImportParameters requested are different than current active one (requested -> active):
  custom:framework-win-MediaFoundation: 216162199b28c13a410421893ffa2e32 -> 
  custom:video-decoder-ogg-theora: a1e56fd34408186e4bbccfd4996cb3dc -> 
  custom:container-muxer-webm: aa71ff27fc2769a1b78a27578f13a17b -> 
  custom:container-demuxer-webm: 4f35f7cbe854078d1ac9338744f61a02 -> 
  custom:container-demuxer-ogg: 62fdf1f143b41e24485cea50d1cbac27 -> 
  custom:video-encoder-webm-vp8: eb34c28f22e8b96e1ab97ce403110664 -> 
  custom:video-decoder-webm-vp8: 9c59270c3fd7afecdb556c50c9e8de78 -> 
  custom:audio-decoder-ogg-vorbis: bf7c407c2cedff20999df2af8eb42d56 -> 
  custom:audio-encoder-webm-vorbis: bf7c407c2cedff20999df2af8eb42d56 -> 
========================================================================
Received Import Request.
  Time since last request: 15.269567 seconds.
  path: Assets/ReferenceImageLibrary.asset
  artifactKey: Guid(96a1a421819944d41a92857d4b01cd2e) Importer(815301076,1909f56bfc062723c751e8b465ee728b)
Start importing Assets/ReferenceImageLibrary.asset using Guid(96a1a421819944d41a92857d4b01cd2e) Importer(815301076,1909f56bfc062723c751e8b465ee728b)  -> (artifact id: 'e9fa7f06dbd7d8b879d2caa4ae925bbd') in 0.010140 seconds 
  Import took 0.014229 seconds .

========================================================================
Received Prepare
Refreshing native plugins compatible for Editor in 2.22 ms, found 2 plugins.
Preloading 0 native plugins for Editor in 0.00 ms.
Unloading 12 Unused Serialized files (Serialized files now loaded: 0)
System memory in use before: 45.3 MB.
System memory in use after: 45.5 MB.

Unloading 12 unused Assets to reduce memory usage. Loaded Objects now: 2459.
Total: 4.162200 ms (FindLiveObjects: 0.233600 ms CreateObjectMapping: 0.045100 ms MarkObjects: 3.858200 ms  DeleteObjects: 0.024100 ms)

AssetImportParameters requested are different than current active one (requested -> active):
  custom:framework-win-MediaFoundation: 216162199b28c13a410421893ffa2e32 -> 
  custom:video-decoder-ogg-theora: a1e56fd34408186e4bbccfd4996cb3dc -> 
  custom:container-muxer-webm: aa71ff27fc2769a1b78a27578f13a17b -> 
  custom:container-demuxer-webm: 4f35f7cbe854078d1ac9338744f61a02 -> 
  custom:container-demuxer-ogg: 62fdf1f143b41e24485cea50d1cbac27 -> 
  custom:video-encoder-webm-vp8: eb34c28f22e8b96e1ab97ce403110664 -> 
  custom:video-decoder-webm-vp8: 9c59270c3fd7afecdb556c50c9e8de78 -> 
  custom:audio-decoder-ogg-vorbis: bf7c407c2cedff20999df2af8eb42d56 -> 
  custom:audio-encoder-webm-vorbis: bf7c407c2cedff20999df2af8eb42d56 -> 
========================================================================
Received Import Request.
  Time since last request: 648.121062 seconds.
  path: Assets/ModelFitter.cs
  artifactKey: Guid(038f8d12bc67cc3418c6b94111024166) Importer(815301076,1909f56bfc062723c751e8b465ee728b)
Start importing Assets/ModelFitter.cs using Guid(038f8d12bc67cc3418c6b94111024166) Importer(815301076,1909f56bfc062723c751e8b465ee728b)  -> (artifact id: '5fa6e43eb76af842c91c6fb4074b80c0') in 0.010857 seconds 
  Import took 0.025670 seconds .

========================================================================
Received Import Request.
  Time since last request: 17.490982 seconds.
  path: Assets/Scenes/AR.unity
  artifactKey: Guid(c2b7e9cf82c32d44694ccfb0c88a670b) Importer(815301076,1909f56bfc062723c751e8b465ee728b)
Start importing Assets/Scenes/AR.unity using Guid(c2b7e9cf82c32d44694ccfb0c88a670b) Importer(815301076,1909f56bfc062723c751e8b465ee728b)  -> (artifact id: 'a3925e6bfdd3da8c34a91f6fcfe5adaf') in 0.003237 seconds 
  Import took 0.053652 seconds .

========================================================================
Received Prepare
Registering precompiled user dll's ...
Registered in 0.002748 seconds.
Begin MonoManager ReloadAssembly
Native extension for WindowsStandalone target not found
Refreshing native plugins compatible for Editor in 0.56 ms, found 2 plugins.
Preloading 0 native plugins for Editor in 0.00 ms.
Mono: successfully reloaded assembly
- Completed reload, in  0.899 seconds
Domain Reload Profiling:
	ReloadAssembly (899ms)
		BeginReloadAssembly (105ms)
			ExecutionOrderSort (0ms)
			DisableScriptedObjects (4ms)
			BackupInstance (0ms)
			ReleaseScriptingObjects (0ms)
			CreateAndSetChildDomain (33ms)
		EndReloadAssembly (743ms)
			LoadAssemblies (74ms)
			RebuildTransferFunctionScriptingTraits (0ms)
			SetupTypeCache (254ms)
			ReleaseScriptCaches (1ms)
			RebuildScriptCaches (35ms)
			SetupLoadedEditorAssemblies (262ms)
				LogAssemblyErrors (0ms)
				InitializePlatformSupportModulesInManaged (4ms)
				SetLoadedEditorAssemblies (0ms)
				RefreshPlugins (1ms)
				BeforeProcessingInitializeOnLoad (75ms)
				ProcessInitializeOnLoadAttributes (172ms)
				ProcessInitializeOnLoadMethodAttributes (9ms)
				AfterProcessingInitializeOnLoad (2ms)
				EditorAssembliesLoaded (0ms)
			ExecutionOrderSort2 (0ms)
			AwakeInstancesAfterBackupRestoration (5ms)
Platform modules already initialized, skipping
Switching build target platform(19) subTarget(0) extendedPlatform(0) -> platform(13) subTarget(524288) extendedPlatform(0)
Refreshing native plugins compatible for Editor in 0.79 ms, found 2 plugins.
Preloading 0 native plugins for Editor in 0.00 ms.
Unloading 1998 Unused Serialized files (Serialized files now loaded: 0)
System memory in use before: 84.5 MB.
System memory in use after: 84.6 MB.

Unloading 15 unused Assets to reduce memory usage. Loaded Objects now: 2462.
Total: 3.816600 ms (FindLiveObjects: 0.282100 ms CreateObjectMapping: 0.056400 ms MarkObjects: 3.455400 ms  DeleteObjects: 0.021100 ms)

AssetImportParameters requested are different than current active one (requested -> active):
  custom:framework-win-MediaFoundation: 216162199b28c13a410421893ffa2e32 -> 
  custom:video-decoder-ogg-theora: a1e56fd34408186e4bbccfd4996cb3dc -> 
  custom:container-muxer-webm: aa71ff27fc2769a1b78a27578f13a17b -> 
  custom:container-demuxer-webm: 4f35f7cbe854078d1ac9338744f61a02 -> 
  custom:container-demuxer-ogg: 62fdf1f143b41e24485cea50d1cbac27 -> 
  custom:video-encoder-webm-vp8: eb34c28f22e8b96e1ab97ce403110664 -> 
  custom:video-decoder-webm-vp8: 9c59270c3fd7afecdb556c50c9e8de78 -> 
  custom:graphics/normal-map-encoding: 01000000000000000000000000000000 -> 02000000000000000000000000000000
  custom:audio-decoder-ogg-vorbis: bf7c407c2cedff20999df2af8eb42d56 -> 
  custom:audio-encoder-webm-vorbis: bf7c407c2cedff20999df2af8eb42d56 -> 
AssetImportWorkerClient::OnTransportError - code=2 error=End of file
